*
* Visual Studio Code Server
*
* By using the software, you agree to
* the Visual Studio Code Server License Terms (https://aka.ms/vscode-server-license) and
* the Microsoft Privacy Statement (https://privacy.microsoft.com/en-US/privacystatement).
*
Server bound to 127.0.0.1:44229 (IPv4)
Extension host agent listening on 44229

[09:11:45] Extension host agent started.
[09:11:45] [127.0.0.1][c0ee67a3][ManagementConnection] New connection established.
[09:11:45] [127.0.0.1][e54652e5][ExtensionHostConnection] New connection established.
[09:11:45] [127.0.0.1][e54652e5][ExtensionHostConnection] <724> Launched Extension Host Process.
[IPC Library: Pty Host]  WARN Shell integration cannot be enabled for executable "/bin/sh" and args [
  '-c',
  'wget --version > /dev/null\n' +
    'if [ $? -eq 0 ]\n' +
    'then\n' +
    "\twget --connect-timeout=7 --tries=1 --dns-timeout=7 -q --header='Metadata:true' -O - http://169.254.169.254/metadata/instance?api-version=2019-03-11\n" +
    'else\n' +
    '\tcurl --version > /dev/null\n' +
    '\tif [ $? -eq 0 ]\n' +
    '\tthen\n' +
    "\t\tcurl --connect-timeout 7 -s --header='Metadata:true' http://169.254.169.254/metadata/instance?api-version=2019-03-11\n" +
    '\tfi\n' +
    'fi\n' +
    'exit 0'
]
[IPC Library: Pty Host]  WARN Shell integration cannot be enabled for executable "/bin/sh" and args [
  '-c',
  'wget --version > /dev/null\n' +
    'if [ $? -eq 0 ]\n' +
    'then\n' +
    '\twget --connect-timeout=7 --tries=1 --dns-timeout=7 -q  -O - http://169.254.169.254/latest/meta-data/instance-id\n' +
    'else\n' +
    '\tcurl --version > /dev/null\n' +
    '\tif [ $? -eq 0 ]\n' +
    '\tthen\n' +
    '\t\tcurl --connect-timeout 7 -s  http://169.254.169.254/latest/meta-data/instance-id\n' +
    '\tfi\n' +
    'fi\n' +
    'exit 0'
]
[IPC Library: Pty Host]  WARN Shell integration cannot be enabled for executable "/bin/sh" and args [
  '-c',
  'wget --version > /dev/null\n' +
    'if [ $? -eq 0 ]\n' +
    'then\n' +
    '\twget --connect-timeout=7 --tries=1 --dns-timeout=7 -q  -O - http://169.254.169.254/metadata/v1/id\n' +
    'else\n' +
    '\tcurl --version > /dev/null\n' +
    '\tif [ $? -eq 0 ]\n' +
    '\tthen\n' +
    '\t\tcurl --connect-timeout 7 -s  http://169.254.169.254/metadata/v1/id\n' +
    '\tfi\n' +
    'fi\n' +
    'exit 0'
]
[IPC Library: Pty Host]  WARN Shell integration cannot be enabled for executable "/bin/sh" and args [
  '-c',
  'wget --version > /dev/null\n' +
    'if [ $? -eq 0 ]\n' +
    'then\n' +
    "\twget --connect-timeout=7 --tries=1 --dns-timeout=7 -q --header='Metadata-Flavor:Google' -O - http://metadata.google.internal/computeMetadata/v1/instance/id\n" +
    'else\n' +
    '\tcurl --version > /dev/null\n' +
    '\tif [ $? -eq 0 ]\n' +
    '\tthen\n' +
    "\t\tcurl --connect-timeout 7 -s --header='Metadata-Flavor:Google' http://metadata.google.internal/computeMetadata/v1/instance/id\n" +
    '\tfi\n' +
    'fi\n' +
    'exit 0'
]
[09:11:57] Error: getaddrinfo EAI_AGAIN mobile.events.data.microsoft.com
    at GetAddrInfoReqWrap.onlookup [as oncomplete] (node:dns:71:26) {
  errno: -3001,
  code: 'EAI_AGAIN',
  syscall: 'getaddrinfo',
  hostname: 'mobile.events.data.microsoft.com'
}
[09:11:58] Getting Manifest... ms-vscode.cpptools
[09:12:07] [127.0.0.1][c0ee67a3][ManagementConnection] The client has disconnected gracefully, so the connection will be disposed.
[09:12:07] [127.0.0.1][e54652e5][ExtensionHostConnection] <724> Extension Host Process exited with code: 0, signal: null.
Last EH closed, waiting before shutting down
[09:12:07] Last EH closed, waiting before shutting down
Got delay-shutdown request while in shutdown timeout, delaying
[09:12:13] Got delay-shutdown request while in shutdown timeout, delaying
Cancelling previous shutdown timeout
[09:12:13] Cancelling previous shutdown timeout
[09:12:13] [127.0.0.1][b2459008][ManagementConnection] New connection established.
[09:12:13] [127.0.0.1][386e2e11][ExtensionHostConnection] New connection established.
[09:12:13] [127.0.0.1][386e2e11][ExtensionHostConnection] <819> Launched Extension Host Process.
[IPC Library: Pty Host]  WARN Shell integration cannot be enabled for executable "/bin/sh" and args [
  '-c',
  'wget --version > /dev/null\n' +
    'if [ $? -eq 0 ]\n' +
    'then\n' +
    "\twget --connect-timeout=7 --tries=1 --dns-timeout=7 -q --header='Metadata:true' -O - http://169.254.169.254/metadata/instance?api-version=2019-03-11\n" +
    'else\n' +
    '\tcurl --version > /dev/null\n' +
    '\tif [ $? -eq 0 ]\n' +
    '\tthen\n' +
    "\t\tcurl --connect-timeout 7 -s --header='Metadata:true' http://169.254.169.254/metadata/instance?api-version=2019-03-11\n" +
    '\tfi\n' +
    'fi\n' +
    'exit 0'
]
[IPC Library: Pty Host]  WARN Shell integration cannot be enabled for executable "/bin/sh" and args [
  '-c',
  'wget --version > /dev/null\n' +
    'if [ $? -eq 0 ]\n' +
    'then\n' +
    '\twget --connect-timeout=7 --tries=1 --dns-timeout=7 -q  -O - http://169.254.169.254/latest/meta-data/instance-id\n' +
    'else\n' +
    '\tcurl --version > /dev/null\n' +
    '\tif [ $? -eq 0 ]\n' +
    '\tthen\n' +
    '\t\tcurl --connect-timeout 7 -s  http://169.254.169.254/latest/meta-data/instance-id\n' +
    '\tfi\n' +
    'fi\n' +
    'exit 0'
]
[IPC Library: Pty Host]  WARN Shell integration cannot be enabled for executable "/bin/sh" and args [
  '-c',
  'wget --version > /dev/null\n' +
    'if [ $? -eq 0 ]\n' +
    'then\n' +
    '\twget --connect-timeout=7 --tries=1 --dns-timeout=7 -q  -O - http://169.254.169.254/metadata/v1/id\n' +
    'else\n' +
    '\tcurl --version > /dev/null\n' +
    '\tif [ $? -eq 0 ]\n' +
    '\tthen\n' +
    '\t\tcurl --connect-timeout 7 -s  http://169.254.169.254/metadata/v1/id\n' +
    '\tfi\n' +
    'fi\n' +
    'exit 0'
]
[IPC Library: Pty Host]  WARN Shell integration cannot be enabled for executable "/bin/sh" and args [
  '-c',
  'wget --version > /dev/null\n' +
    'if [ $? -eq 0 ]\n' +
    'then\n' +
    "\twget --connect-timeout=7 --tries=1 --dns-timeout=7 -q --header='Metadata-Flavor:Google' -O - http://metadata.google.internal/computeMetadata/v1/instance/id\n" +
    'else\n' +
    '\tcurl --version > /dev/null\n' +
    '\tif [ $? -eq 0 ]\n' +
    '\tthen\n' +
    "\t\tcurl --connect-timeout 7 -s --header='Metadata-Flavor:Google' http://metadata.google.internal/computeMetadata/v1/instance/id\n" +
    '\tfi\n' +
    'fi\n' +
    'exit 0'
]
[09:12:16] Getting Manifest... ms-vscode.cpptools
[09:12:18] Failed to install extension. ms-vscode.cpptools
[09:12:18] Error: getaddrinfo EAI_AGAIN ms-vscode.gallery.vsassets.io
    at GetAddrInfoReqWrap.onlookup [as oncomplete] (node:dns:71:26) {
  errno: -3001,
  code: 'EAI_AGAIN',
  syscall: 'getaddrinfo',
  hostname: 'ms-vscode.gallery.vsassets.io'
}
[09:12:36] Failed to install extension. ms-vscode.cpptools
[09:12:36] Error: getaddrinfo EAI_AGAIN ms-vscode.gallery.vsassets.io
    at GetAddrInfoReqWrap.onlookup [as oncomplete] (node:dns:71:26) {
  errno: -3001,
  code: 'EAI_AGAIN',
  syscall: 'getaddrinfo',
  hostname: 'ms-vscode.gallery.vsassets.io'
}
[09:12:59] Downloaded extension to file:///home/mehdi2306/.vscode-server/data/CachedExtensionVSIXs/f9e2eee7-857a-44f7-a69f-8ecef5155495
[09:12:59] Installing extension: ms-vscode.cpptools
[09:12:59] Installing the extension without checking dependencies and pack ms-vscode.cpptools
[09:13:12] Extracted extension to /home/mehdi2306/.vscode-server/extensions/.1c041480-e40a-4138-a070-aed8caa7c86d: ms-vscode.cpptools
[09:13:12] Renamed to /home/mehdi2306/.vscode-server/extensions/ms-vscode.cpptools-1.14.5
[09:13:12] Extracting completed. ms-vscode.cpptools
[09:13:12] Extension installed successfully: ms-vscode.cpptools
New EH opened, aborting shutdown
[09:17:13] New EH opened, aborting shutdown
